[04-Jun-2023 16:36:55 UTC] PHP Parse error:  Unmatched ')' in C:\Users\sarah\Local Sites\fictional-university\app\public\wp-content\themes\fictional-university-theme\index.php on line 4
[04-Jun-2023 16:37:17 UTC] PHP Parse error:  syntax error, unexpected double-quoted string "></div>", expecting "," or ";" in C:\Users\sarah\Local Sites\fictional-university\app\public\wp-content\themes\fictional-university-theme\index.php on line 5
[06-Jun-2023 00:25:53 UTC] PHP Parse error:  syntax error, unexpected token ">" in C:\Users\sarah\Local Sites\fictional-university\app\public\wp-content\themes\fictional-university-theme\page.php on line 37
[08-Jun-2023 23:19:13 UTC] PHP Fatal error:  Uncaught Error: Call to undefined function blog_info() in C:\Users\sarah\Local Sites\fictional-university\app\public\wp-content\themes\fictional-university-theme\header.php:5
Stack trace:
#0 C:\Users\sarah\Local Sites\fictional-university\app\public\wp-includes\template.php(783): require_once()
#1 C:\Users\sarah\Local Sites\fictional-university\app\public\wp-includes\template.php(718): load_template('C:\\Users\\sarah\\...', true, Array)
#2 C:\Users\sarah\Local Sites\fictional-university\app\public\wp-includes\general-template.php(48): locate_template(Array, true, true, Array)
#3 C:\Users\sarah\Local Sites\fictional-university\app\public\wp-content\themes\fictional-university-theme\index.php(1): get_header()
#4 C:\Users\sarah\Local Sites\fictional-university\app\public\wp-includes\template-loader.php(106): include('C:\\Users\\sarah\\...')
#5 C:\Users\sarah\Local Sites\fictional-university\app\public\wp-blog-header.php(19): require_once('C:\\Users\\sarah\\...')
#6 C:\Users\sarah\Local Sites\fictional-university\app\public\index.php(17): require('C:\\Users\\sarah\\...')
#7 {main}
  thrown in C:\Users\sarah\Local Sites\fictional-university\app\public\wp-content\themes\fictional-university-theme\header.php on line 5
[08-Jun-2023 23:19:28 UTC] PHP Fatal error:  Uncaught Error: Call to undefined function blog_info() in C:\Users\sarah\Local Sites\fictional-university\app\public\wp-content\themes\fictional-university-theme\header.php:5
Stack trace:
#0 C:\Users\sarah\Local Sites\fictional-university\app\public\wp-includes\template.php(783): require_once()
#1 C:\Users\sarah\Local Sites\fictional-university\app\public\wp-includes\template.php(718): load_template('C:\\Users\\sarah\\...', true, Array)
#2 C:\Users\sarah\Local Sites\fictional-university\app\public\wp-includes\general-template.php(48): locate_template(Array, true, true, Array)
#3 C:\Users\sarah\Local Sites\fictional-university\app\public\wp-content\themes\fictional-university-theme\index.php(1): get_header()
#4 C:\Users\sarah\Local Sites\fictional-university\app\public\wp-includes\template-loader.php(106): include('C:\\Users\\sarah\\...')
#5 C:\Users\sarah\Local Sites\fictional-university\app\public\wp-blog-header.php(19): require_once('C:\\Users\\sarah\\...')
#6 C:\Users\sarah\Local Sites\fictional-university\app\public\index.php(17): require('C:\\Users\\sarah\\...')
#7 {main}
  thrown in C:\Users\sarah\Local Sites\fictional-university\app\public\wp-content\themes\fictional-university-theme\header.php on line 5
[08-Jun-2023 23:19:43 UTC] PHP Fatal error:  Uncaught Error: Call to undefined function blog_info() in C:\Users\sarah\Local Sites\fictional-university\app\public\wp-content\themes\fictional-university-theme\header.php:5
Stack trace:
#0 C:\Users\sarah\Local Sites\fictional-university\app\public\wp-includes\template.php(783): require_once()
#1 C:\Users\sarah\Local Sites\fictional-university\app\public\wp-includes\template.php(718): load_template('C:\\Users\\sarah\\...', true, Array)
#2 C:\Users\sarah\Local Sites\fictional-university\app\public\wp-includes\general-template.php(48): locate_template(Array, true, true, Array)
#3 C:\Users\sarah\Local Sites\fictional-university\app\public\wp-content\themes\fictional-university-theme\index.php(1): get_header()
#4 C:\Users\sarah\Local Sites\fictional-university\app\public\wp-includes\template-loader.php(106): include('C:\\Users\\sarah\\...')
#5 C:\Users\sarah\Local Sites\fictional-university\app\public\wp-blog-header.php(19): require_once('C:\\Users\\sarah\\...')
#6 C:\Users\sarah\Local Sites\fictional-university\app\public\index.php(17): require('C:\\Users\\sarah\\...')
#7 {main}
  thrown in C:\Users\sarah\Local Sites\fictional-university\app\public\wp-content\themes\fictional-university-theme\header.php on line 5
[09-Jun-2023 23:57:58 UTC] PHP Parse error:  syntax error, unexpected identifier "footer" in C:\Users\sarah\Local Sites\fictional-university\app\public\wp-content\themes\fictional-university-theme\index.php on line 4
[13-Jun-2023 23:30:49 UTC] PHP Warning:  An unexpected error occurred. Something may be wrong with WordPress.org or this server&#8217;s configuration. If you continue to have problems, please try the <a href="https://wordpress.org/support/forums/">support forums</a>. (WordPress could not establish a secure connection to WordPress.org. Please contact your server administrator.) in C:\Users\sarah\Local Sites\fictional-university\app\public\wp-admin\includes\translation-install.php on line 68
[13-Jun-2023 23:44:24 UTC] PHP Parse error:  syntax error, unexpected token ";", expecting ")" in C:\Users\sarah\Local Sites\fictional-university\app\public\wp-content\themes\fictional-university-theme\front-page.php on line 47
[15-Jun-2023 00:13:30 UTC] PHP Fatal error:  Uncaught TypeError: call_user_func_array(): Argument #1 ($callback) must be a valid callback, function "university_post_types" not found or invalid function name in C:\Users\sarah\Local Sites\fictional-university\app\public\wp-includes\class-wp-hook.php:308
Stack trace:
#0 C:\Users\sarah\Local Sites\fictional-university\app\public\wp-includes\class-wp-hook.php(332): WP_Hook->apply_filters(NULL, Array)
#1 C:\Users\sarah\Local Sites\fictional-university\app\public\wp-includes\plugin.php(517): WP_Hook->do_action(Array)
#2 C:\Users\sarah\Local Sites\fictional-university\app\public\wp-settings.php(623): do_action('init')
#3 C:\Users\sarah\Local Sites\fictional-university\app\public\wp-config.php(102): require_once('C:\\Users\\sarah\\...')
#4 C:\Users\sarah\Local Sites\fictional-university\app\public\wp-load.php(50): require_once('C:\\Users\\sarah\\...')
#5 C:\Users\sarah\Local Sites\fictional-university\app\public\wp-admin\admin-ajax.php(22): require_once('C:\\Users\\sarah\\...')
#6 {main}
  thrown in C:\Users\sarah\Local Sites\fictional-university\app\public\wp-includes\class-wp-hook.php on line 308
[16-Jul-2023 19:14:46 UTC] PHP Fatal error:  Uncaught Error: Call to undefined function set() in C:\Users\sarah\Local Sites\fictional-university\app\public\wp-content\themes\fictional-university-theme\functions.php:25
Stack trace:
#0 C:\Users\sarah\Local Sites\fictional-university\app\public\wp-includes\class-wp-hook.php(308): university_adjust_queries(Object(WP_Query))
#1 C:\Users\sarah\Local Sites\fictional-university\app\public\wp-includes\class-wp-hook.php(332): WP_Hook->apply_filters('', Array)
#2 C:\Users\sarah\Local Sites\fictional-university\app\public\wp-includes\plugin.php(565): WP_Hook->do_action(Array)
#3 C:\Users\sarah\Local Sites\fictional-university\app\public\wp-includes\class-wp-query.php(1870): do_action_ref_array('pre_get_posts', Array)
#4 C:\Users\sarah\Local Sites\fictional-university\app\public\wp-includes\class-wp-query.php(3787): WP_Query->get_posts()
#5 C:\Users\sarah\Local Sites\fictional-university\app\public\wp-includes\class-wp.php(663): WP_Query->query(Array)
#6 C:\Users\sarah\Local Sites\fictional-university\app\public\wp-includes\class-wp.php(783): WP->query_posts()
#7 C:\Users\sarah\Local Sites\fictional-university\app\public\wp-includes\functions.php(1334): WP->main('')
#8 C:\Users\sarah\Local Sites\fictional-university\app\public\wp-blog-header.php(16): wp()
#9 C:\Users\sarah\Local Sites\fictional-university\app\public\index.php(17): require('C:\\Users\\sarah\\...')
#10 {main}
  thrown in C:\Users\sarah\Local Sites\fictional-university\app\public\wp-content\themes\fictional-university-theme\functions.php on line 25
[16-Jul-2023 19:15:46 UTC] PHP Fatal error:  Uncaught Error: Call to undefined function set() in C:\Users\sarah\Local Sites\fictional-university\app\public\wp-content\themes\fictional-university-theme\functions.php:25
Stack trace:
#0 C:\Users\sarah\Local Sites\fictional-university\app\public\wp-includes\class-wp-hook.php(308): university_adjust_queries(Object(WP_Query))
#1 C:\Users\sarah\Local Sites\fictional-university\app\public\wp-includes\class-wp-hook.php(332): WP_Hook->apply_filters('', Array)
#2 C:\Users\sarah\Local Sites\fictional-university\app\public\wp-includes\plugin.php(565): WP_Hook->do_action(Array)
#3 C:\Users\sarah\Local Sites\fictional-university\app\public\wp-includes\class-wp-query.php(1870): do_action_ref_array('pre_get_posts', Array)
#4 C:\Users\sarah\Local Sites\fictional-university\app\public\wp-includes\class-wp-query.php(3787): WP_Query->get_posts()
#5 C:\Users\sarah\Local Sites\fictional-university\app\public\wp-includes\class-wp.php(663): WP_Query->query(Array)
#6 C:\Users\sarah\Local Sites\fictional-university\app\public\wp-includes\class-wp.php(783): WP->query_posts()
#7 C:\Users\sarah\Local Sites\fictional-university\app\public\wp-includes\functions.php(1334): WP->main('')
#8 C:\Users\sarah\Local Sites\fictional-university\app\public\wp-blog-header.php(16): wp()
#9 C:\Users\sarah\Local Sites\fictional-university\app\public\index.php(17): require('C:\\Users\\sarah\\...')
#10 {main}
  thrown in C:\Users\sarah\Local Sites\fictional-university\app\public\wp-content\themes\fictional-university-theme\functions.php on line 25
[16-Jul-2023 19:15:50 UTC] PHP Fatal error:  Uncaught Error: Call to undefined function set() in C:\Users\sarah\Local Sites\fictional-university\app\public\wp-content\themes\fictional-university-theme\functions.php:25
Stack trace:
#0 C:\Users\sarah\Local Sites\fictional-university\app\public\wp-includes\class-wp-hook.php(308): university_adjust_queries(Object(WP_Query))
#1 C:\Users\sarah\Local Sites\fictional-university\app\public\wp-includes\class-wp-hook.php(332): WP_Hook->apply_filters('', Array)
#2 C:\Users\sarah\Local Sites\fictional-university\app\public\wp-includes\plugin.php(565): WP_Hook->do_action(Array)
#3 C:\Users\sarah\Local Sites\fictional-university\app\public\wp-includes\class-wp-query.php(1870): do_action_ref_array('pre_get_posts', Array)
#4 C:\Users\sarah\Local Sites\fictional-university\app\public\wp-includes\class-wp-query.php(3787): WP_Query->get_posts()
#5 C:\Users\sarah\Local Sites\fictional-university\app\public\wp-includes\class-wp.php(663): WP_Query->query(Array)
#6 C:\Users\sarah\Local Sites\fictional-university\app\public\wp-includes\class-wp.php(783): WP->query_posts()
#7 C:\Users\sarah\Local Sites\fictional-university\app\public\wp-includes\functions.php(1334): WP->main('')
#8 C:\Users\sarah\Local Sites\fictional-university\app\public\wp-blog-header.php(16): wp()
#9 C:\Users\sarah\Local Sites\fictional-university\app\public\index.php(17): require('C:\\Users\\sarah\\...')
#10 {main}
  thrown in C:\Users\sarah\Local Sites\fictional-university\app\public\wp-content\themes\fictional-university-theme\functions.php on line 25
